Mdi:ArrangeIcons
Mdi:ArrangeIcons
Mdi:ArrangeIcons
wm geometry . 900x785+8+85
Mdi:ArrangeIcons
Mdi:ArrangeIcons
wm geometry . 900x785+333+258
Mdi:ArrangeIcons
Mdi:ArrangeIcons
Mdi:ArrangeIcons
Mdi:ArrangeIcons
Mdi:ArrangeIcons
Mdi:ArrangeIcons
Mdi:ArrangeIcons
ScopeSigMgr:loadpffile /filespace/x/xxia48/ece555/ECE555/INV_2bit/test.tr0 1 openonly
# PF:1
wm geometry .sigmgr._PF:1 232x242+853+533
Mdi:ArrangeIcons
Mdi:ArrangeIcons
Mdi:ArrangeIcons
Mdi:ArrangeIcons
GrXY:NewGraph
# Graph1
pf:read PF:1 v(in<0>) v(in<1>) v(out<0>) v(out<1>)
# WF:1:2 WF:1:3 WF:1:4 WF:1:5
Graph addsignal {WF:1:2 WF:1:3 WF:1:4 WF:1:5} -region {new new new new} -yview {real(y) real(y) real(y) real(y)} -xview {real(x) real(x) real(x) real(x)} -tracehi {2 2 2 2}
# Signal0 Signal1 Signal2 Signal3
Mdi:ArrangeIcons
Graph:DSel
Graph:Select Graph1
Mdi:ArrangeIcons
Graph axisconfig {AxisY(3,0) AxisX(0)} -range {{0.92088500012337 -0.10656180578571} {933.202p 1.06692n}}
Mdi:ArrangeIcons
wm geometry . 1643x1015+0+23
Mdi:ArrangeIcons
Mdi:ArrangeIcons
wm geometry . 1643x1015+8+31
Mdi:ArrangeIcons
wm geometry . 1643x1015+0+23
Mdi:ArrangeIcons
wm geometry . 1643x1015+8+31
Mdi:ArrangeIcons
wm geometry . 1643x1015+0+23
Mdi:ArrangeIcons
Mdi:ArrangeIcons
Mdi:ArrangeIcons
Mdi:ArrangeIcons
Mdi:ArrangeIcons
Mdi:ArrangeIcons
Mdi:ArrangeIcons
Mdi:ArrangeIcons
ScopeSigMgr:loadpffile /filespace/x/xxia48/ece555/ECE555/INV_2bit/test.tr0 1 openonly
# PF:1
Mdi:ArrangeIcons
wm geometry . 1643x1015+0+0
Mdi:ArrangeIcons
Mdi:ArrangeIcons
wm geometry . 1643x1015+0+23
Mdi:ArrangeIcons
Mdi:ArrangeIcons
Mdi:ArrangeIcons
Mdi:ArrangeIcons
wm geometry . 1643x1015+8+31
Mdi:ArrangeIcons
wm geometry . 1643x1015+0+23
Mdi:ArrangeIcons
wm geometry . 1643x1015+8+31
Mdi:ArrangeIcons
wm geometry . 1643x1015+0+23
Mdi:ArrangeIcons
Mdi:ArrangeIcons
ScopeSigMgr:Reload 0 {{(1) test.tr0}}
Mdi:ArrangeIcons
Mdi:ArrangeIcons
Mdi:ArrangeIcons
Mdi:ArrangeIcons
Mdi:ArrangeIcons
Mdi:ArrangeIcons
ScopeSigMgr:loadpffile /filespace/x/xxia48/ece555/ECE555/INV_2bit/test.tr0 1 append
# PF:1
Mdi:ArrangeIcons
wm geometry . 1643x1015+0+0
Mdi:ArrangeIcons
Mdi:ArrangeIcons
wm geometry . 1643x1015+0+23
Mdi:ArrangeIcons
Mdi:ArrangeIcons
Mdi:ArrangeIcons
Mdi:ArrangeIcons
wm geometry . 1643x1015+8+31
Mdi:ArrangeIcons
wm geometry . 1643x1015+0+23
Mdi:ArrangeIcons
wm geometry . 1643x1015+8+31
Mdi:ArrangeIcons
wm geometry . 1643x1015+0+23
Mdi:ArrangeIcons
Mdi:ArrangeIcons
Mdi:ArrangeIcons
Mdi:ArrangeIcons
ScopeSigMgr:loadpffile /filespace/x/xxia48/ece555/ECE555/INV_2bit/test.tr0 1 replace
# PF:1
ScopeSigMgr:Unload 0 {{(1) test.tr0}}
Mdi:ArrangeIcons
Mdi:ArrangeIcons
ScopeSigMgr:loadpffile /filespace/x/xxia48/ece555/ECE555/INV_2bit/test.tr0 1 openonly
# PF:2
wm geometry .sigmgr._PF:2 232x242+853+533
GrXY:NewGraph
# Graph2
pf:read PF:2 v(in<0>) v(in<1>) v(out<0>) v(out<1>)
# WF:2:1 WF:2:2 WF:2:3 WF:2:4
Graph addsignal {WF:2:1 WF:2:2 WF:2:3 WF:2:4} -region {new new new new} -yview {real(y) real(y) real(y) real(y)} -xview {real(x) real(x) real(x) real(x)} -tracehi {2 2 2 2}
# Signal0 Signal1 Signal2 Signal3
Graph:DSel
Graph:Select Graph2
Graph axisconfig {AxisY(0,0) AxisX(0)} -range {{0.95926579365362 -0.11190215293244} {924.287p 1.06692n}}
Graph:DSel
ScopeSigMgr:Unload 0 {{(1) test.tr0}}
